Mrskin/app/build/outputs/logs/manifest-merger-debug-report.txt
-- Merging decision tree log ---
manifest
ADDED from src\main\AndroidManifest.xml:2:1-748:12
	package
		ADDED from src\main\AndroidManifest.xml:3:5-30
		INJECTED from src\main\AndroidManifest.xml
		INJECTED from src\main\AndroidManifest.xml
	android:versionName
		ADDED from src\main\AndroidManifest.xml:5:5-32
		INJECTED from src\main\AndroidManifest.xml
		INJECTED from src\main\AndroidManifest.xml
	android:versionCode
		ADDED from src\main\AndroidManifest.xml:4:5-29
		INJECTED from src\main\AndroidManifest.xml
		INJECTED from src\main\AndroidManifest.xml
	xmlns:android
		ADDED from src\main\AndroidManifest.xml:2:11-69
uses-sdk
ADDED from src\main\AndroidManifest.xml:7:5-9:41
MERGED from [com.android.support:support-v4:23.2.0] AndroidManifest.xml:20:5-43
	android:targetSdkVersion
		ADDED from src\main\AndroidManifest.xml:9:9-38
		INJECTED from src\main\AndroidManifest.xml
		INJECTED from src\main\AndroidManifest.xml
	android:minSdkVersion
		ADDED from src\main\AndroidManifest.xml:8:9-35
		INJECTED from src\main\AndroidManifest.xml
		INJECTED from src\main\AndroidManifest.xml
uses-permission#android.permission.INTERNET
ADDED from src\main\AndroidManifest.xml:11:5-67
	android:name
		ADDED from src\main\AndroidManifest.xml:11:22-64
uses-permission#android.permission.INTERNET_ACROSS_USERS_FULL
ADDED from src\main\AndroidManifest.xml:12:5-85
	android:name
		ADDED from src\main\AndroidManifest.xml:12:22-82
uses-permission#android.permission.CHANGE_WIFI_STATE
ADDED from src\main\AndroidManifest.xml:13:5-76
	android:name
		ADDED from src\main\AndroidManifest.xml:13:22-73
uses-permission#android.permission.ACCESS_WIFI_STATE
ADDED from src\main\AndroidManifest.xml:14:5-76
	android:name
		ADDED from src\main\AndroidManifest.xml:14:22-73
uses-permission#android.permission.ACCESS_NETWORK_STATE
ADDED from src\main\AndroidManifest.xml:15:5-79
	android:name
		ADDED from src\main\AndroidManifest.xml:15:22-76
uses-permission#android.permission.READ_PHONE_STATE
ADDED from src\main\AndroidManifest.xml:16:5-75
	android:name
		ADDED from src\main\AndroidManifest.xml:16:22-72
uses-permission#android.permission.WRITE_EXTERNAL_STORAGE
ADDED from src\main\AndroidManifest.xml:18:5-81
	android:name
		ADDED from src\main\AndroidManifest.xml:18:22-78
uses-permission#android.permission.PERMISSION_NAME
ADDED from src\main\AndroidManifest.xml:20:5-74
	android:name
		ADDED from src\main\AndroidManifest.xml:20:22-71
uses-permission#android.permission.ACCESS_FINE_LOCATION
ADDED from src\main\AndroidManifest.xml:21:5-79
	android:name
		ADDED from src\main\AndroidManifest.xml:21:22-76
uses-permission#android.permission.ACCESS_MOCK_MOCATION
ADDED from src\main\AndroidManifest.xml:22:5-79
	android:name
		ADDED from src\main\AndroidManifest.xml:22:22-76
uses-permission#android.permission.ACCESS_COARSE_LOCATION
ADDED from src\main\AndroidManifest.xml:23:5-81
	android:name
		ADDED from src\main\AndroidManifest.xml:23:22-78
uses-permission#android.permission.VIBRATE
ADDED from src\main\AndroidManifest.xml:24:5-66
	android:name
		ADDED from src\main\AndroidManifest.xml:24:22-63
uses-permission#android.permission.WAKE_LOCK
ADDED from src\main\AndroidManifest.xml:25:5-68
	android:name
		ADDED from src\main\AndroidManifest.xml:25:22-65
uses-permission#android.permission.CHANGE_CONFIGURATION
ADDED from src\main\AndroidManifest.xml:26:5-79
	android:name
		ADDED from src\main\AndroidManifest.xml:26:22-76
uses-permission#android.permission.READ_EXTERNAL_STORAGE
ADDED from src\main\AndroidManifest.xml:27:5-80
	android:name
		ADDED from src\main\AndroidManifest.xml:27:22-77
uses-permission#android.permission.ACCESS_LOCATION_EXTRA_COMMANDS
ADDED from src\main\AndroidManifest.xml:29:5-89
	android:name
		ADDED from src\main\AndroidManifest.xml:29:22-86
uses-permission#android.permission.WRITE_SETTINGS
ADDED from src\main\AndroidManifest.xml:32:5-73
	android:name
		ADDED from src\main\AndroidManifest.xml:32:22-70
uses-permission#android.permission.MOUNT_UNMOUNT_FILESYSTEMS
ADDED from src\main\AndroidManifest.xml:33:5-84
	android:name
		ADDED from src\main\AndroidManifest.xml:33:22-81
uses-permission#android.permission.GET_TASKS
ADDED from src\main\AndroidManifest.xml:37:5-68
	android:name
		ADDED from src\main\AndroidManifest.xml:37:22-65
uses-permission#android.permission.SET_DEBUG_APP
ADDED from src\main\AndroidManifest.xml:38:5-72
	android:name
		ADDED from src\main\AndroidManifest.xml:38:22-69
uses-permission#android.permission.SYSTEM_ALERT_WINDOW
ADDED from src\main\AndroidManifest.xml:39:5-78
	android:name
		ADDED from src\main\AndroidManifest.xml:39:22-75
uses-permission#android.permission.GET_ACCOUNTS
ADDED from src\main\AndroidManifest.xml:40:5-71
	android:name
		ADDED from src\main\AndroidManifest.xml:40:22-68
uses-permission#android.permission.USE_CREDENTIALS
ADDED from src\main\AndroidManifest.xml:41:5-74
	android:name
		ADDED from src\main\AndroidManifest.xml:41:22-71
uses-permission#android.permission.MANAGE_ACCOUNTS
ADDED from src\main\AndroidManifest.xml:42:5-74
	android:name
		ADDED from src\main\AndroidManifest.xml:42:22-71
permission#com.yoka.mrskin.permission.JPUSH_MESSAGE
ADDED from src\main\AndroidManifest.xml:45:5-47:47
	android:protectionLevel
		ADDED from src\main\AndroidManifest.xml:47:9-44
	android:name
		ADDED from src\main\AndroidManifest.xml:46:9-64
uses-permission#com.yoka.mrskin.permission.JPUSH_MESSAGE
ADDED from src\main\AndroidManifest.xml:50:5-80
	android:name
		ADDED from src\main\AndroidManifest.xml:50:22-77
uses-permission#android.permission.RECEIVE_USER_PRESENT
ADDED from src\main\AndroidManifest.xml:51:5-79
	android:name
		ADDED from src\main\AndroidManifest.xml:51:22-76
uses-permission#android.permission.CAMERA
ADDED from src\main\AndroidManifest.xml:56:5-65
	android:name
		ADDED from src\main\AndroidManifest.xml:56:22-62
uses-permission#android.permission.RESTART_PACKAGES
ADDED from src\main\AndroidManifest.xml:60:5-75
	android:name
		ADDED from src\main\AndroidManifest.xml:60:22-72
uses-feature#android.hardware.camera
ADDED from src\main\AndroidManifest.xml:62:5-60
	android:name
		ADDED from src\main\AndroidManifest.xml:62:19-57
uses-feature#android.hardware.camera.autofocus
ADDED from src\main\AndroidManifest.xml:63:5-70
	android:name
		ADDED from src\main\AndroidManifest.xml:63:19-67
application
ADDED from src\main\AndroidManifest.xml:67:5-746:19
MERGED from [com.android.support:support-v4:23.2.0] AndroidManifest.xml:22:5-20
	android:label
		ADDED from src\main\AndroidManifest.xml:72:9-41
	android:hardwareAccelerated
		ADDED from src\main\AndroidManifest.xml:70:9-43
	android:allowBackup
		ADDED from src\main\AndroidManifest.xml:69:9-35
	android:icon
		ADDED from src\main\AndroidManifest.xml:71:9-45
	android:theme
		ADDED from src\main\AndroidManifest.xml:73:9-40
	android:name
		ADDED from src\main\AndroidManifest.xml:68:9-62
service#com.amap.api.location.APSService
ADDED from src\main\AndroidManifest.xml:76:9-77:19
	android:name
		ADDED from src\main\AndroidManifest.xml:76:18-65
activity#com.yoka.mrskin.login.AdWebViewActivity
ADDED from src\main\AndroidManifest.xml:81:9-76
	android:name
		ADDED from src\main\AndroidManifest.xml:81:19-73
activity#com.yoka.mrskin.login.FullAdActivity
ADDED from src\main\AndroidManifest.xml:82:9-87:20
	android:screenOrientation
		ADDED from src\main\AndroidManifest.xml:85:13-49
	android:label
		ADDED from src\main\AndroidManifest.xml:84:13-45
	android:theme
		ADDED from src\main\AndroidManifest.xml:86:13-54
	android:name
		ADDED from src\main\AndroidManifest.xml:83:13-64
activity#com.yoka.mrskin.login.FullBannerAdActivity
ADDED from src\main\AndroidManifest.xml:88:9-93:20
	android:screenOrientation
		ADDED from src\main\AndroidManifest.xml:91:13-49
	android:label
		ADDED from src\main\AndroidManifest.xml:90:13-45
	android:theme
		ADDED from src\main\AndroidManifest.xml:92:13-54
	android:name
		ADDED from src\main\AndroidManifest.xml:89:13-70
activity#com.yoka.mrskin.login.SplashActivity
ADDED from src\main\AndroidManifest.xml:94:9-104:20
	android:label
		ADDED from src\main\AndroidManifest.xml:96:13-45
	android:windowSoftInputMode
		ADDED from src\main\AndroidManifest.xml:98:13-52
	android:theme
		ADDED from src\main\AndroidManifest.xml:97:13-60
	android:name
		ADDED from src\main\AndroidManifest.xml:95:13-64
intent-filter#android.intent.action.MAIN+android.intent.category.LAUNCHER
ADDED from src\main\AndroidManifest.xml:99:13-103:29
action#android.intent.action.MAIN
ADDED from src\main\AndroidManifest.xml:100:17-69
	android:name
		ADDED from src\main\AndroidManifest.xml:100:25-66
category#android.intent.category.LAUNCHER
ADDED from src\main\AndroidManifest.xml:102:17-77
	android:name
		ADDED from src\main\AndroidManifest.xml:102:27-74
activity#com.yoka.mrskin.activity.UpdateUserInfoActivity
ADDED from src\main\AndroidManifest.xml:105:9-110:20
	android:screenOrientation
		ADDED from src\main\AndroidManifest.xml:108:13-49
	android:label
		ADDED from src\main\AndroidManifest.xml:107:13-45
	android:theme
		ADDED from src\main\AndroidManifest.xml:109:13-54
	android:name
		ADDED from src\main\AndroidManifest.xml:106:13-75
activity#com.yoka.mrskin.activity.UpdateCityActivity
ADDED from src\main\AndroidManifest.xml:111:9-116:20
	android:screenOrientation
		ADDED from src\main\AndroidManifest.xml:114:13-49
	android:label
		ADDED from src\main\AndroidManifest.xml:113:13-45
	android:theme
		ADDED from src\main\AndroidManifest.xml:115:13-54
	android:name
		ADDED from src\main\AndroidManifest.xml:112:13-71
activity#com.yoka.mrskin.activity.UpdateCityActivity2
ADDED from src\main\AndroidManifest.xml:117:9-122:20
	android:screenOrientation
		ADDED from src\main\AndroidManifest.xml:120:13-49
	android:label
		ADDED from src\main\AndroidManifest.xml:119:13-45
	android:theme
		ADDED from src\main\AndroidManifest.xml:121:13-54
	android:name
		ADDED from src\main\AndroidManifest.xml:118:13-72
activity#com.yoka.mrskin.activity.UpdateBrandHobbyActivity
ADDED from src\main\AndroidManifest.xml:123:9-128:20
	android:screenOrientation
		ADDED from src\main\AndroidManifest.xml:126:13-49
	android:label
		ADDED from src\main\AndroidManifest.xml:125:13-45
	android:theme
		ADDED from src\main\AndroidManifest.xml:127:13-54
	android:name
		ADDED from src\main\AndroidManifest.xml:124:13-77
activity#com.yoka.mrskin.activity.UpdateEmailActivity
ADDED from src\main\AndroidManifest.xml:129:9-134:20
	android:screenOrientation
		ADDED from src\main\AndroidManifest.xml:132:13-49
	android:label
		ADDED from src\main\AndroidManifest.xml:131:13-45
	android:theme
		ADDED from src\main\AndroidManifest.xml:133:13-54
	android:name
		ADDED from src\main\AndroidManifest.xml:130:13-72
activity#com.yoka.mrskin.activity.UpdatePhoneNumberActivity
ADDED from src\main\AndroidManifest.xml:135:9-140:20
	android:screenOrientation
		ADDED from src\main\AndroidManifest.xml:138:13-49
	android:label
		ADDED from src\main\AndroidManifest.xml:137:13-45
	android:theme
		ADDED from src\main\AndroidManifest.xml:139:13-54
	android:name
		ADDED from src\main\AndroidManifest.xml:136:13-78
activity#com.yoka.mrskin.activity.UpdateAddressActivity
ADDED from src\main\AndroidManifest.xml:141:9-146:20
	android:screenOrientation
		ADDED from src\main\AndroidManifest.xml:144:13-49
	android:label
		ADDED from src\main\AndroidManifest.xml:143:13-45
	android:theme
		ADDED from src\main\AndroidManifest.xml:145:13-54
	android:name
		ADDED from src\main\AndroidManifest.xml:142:13-74
activity#com.yoka.mrskin.activity.CommentActivity
ADDED from src\main\AndroidManifest.xml:147:9-153:20
	android:screenOrientation
		ADDED from src\main\AndroidManifest.xml:150:13-49
	android:label
		ADDED from src\main\AndroidManifest.xml:149:13-45
	android:windowSoftInputMode
		ADDED from src\main\AndroidManifest.xml:152:13-72
	android:theme
		ADDED from src\main\AndroidManifest.xml:151:13-54
	android:name
		ADDED from src\main\AndroidManifest.xml:148:13-68
activity#com.yoka.mrskin.activity.SelectAlbumActivity
ADDED from src\main\AndroidManifest.xml:154:9-159:20
	android:screenOrientation
		ADDED from src\main\AndroidManifest.xml:157:13-49
	android:label
		ADDED from src\main\AndroidManifest.xml:156:13-45
	android:theme
		ADDED from src\main\AndroidManifest.xml:158:13-54
	android:name
		ADDED from src\main\AndroidManifest.xml:155:13-72
activity#com.yoka.mrskin.activity.SelectPictureActivity
ADDED from src\main\AndroidManifest.xml:160:9-165:20
	android:screenOrientation
		ADDED from src\main\AndroidManifest.xml:163:13-49
	android:label
		ADDED from src\main\AndroidManifest.xml:162:13-45
	android:theme
		ADDED from src\main\AndroidManifest.xml:164:13-54
	android:name
		ADDED from src\main\AndroidManifest.xml:161:13-74
activity#com.yoka.mrskin.activity.CalendarActivity
ADDED from src\main\AndroidManifest.xml:166:9-171:20
	android:screenOrientation
		ADDED from src\main\AndroidManifest.xml:169:13-49
	android:label
		ADDED from src\main\AndroidManifest.xml:168:13-45
	android:theme
		ADDED from src\main\AndroidManifest.xml:170:13-54
	android:name
		ADDED from src\main\AndroidManifest.xml:167:13-69
activity#com.yoka.mrskin.main.MainActivity
ADDED from src\main\AndroidManifest.xml:172:9-180:20
	android:screenOrientation
		ADDED from src\main\AndroidManifest.xml:177:13-49
	android:label
		ADDED from src\main\AndroidManifest.xml:175:13-45
	android:hardwareAccelerated
		ADDED from src\main\AndroidManifest.xml:174:13-47
	android:launchMode
		ADDED from src\main\AndroidManifest.xml:176:13-44
	android:windowSoftInputMode
		ADDED from src\main\AndroidManifest.xml:179:13-52
	android:theme
		ADDED from src\main\AndroidManifest.xml:178:13-60
	android:name
		ADDED from src\main\AndroidManifest.xml:173:13-61
activity#com.yoka.mrskin.activity.AboutActivity
ADDED from src\main\AndroidManifest.xml:181:9-186:20
	android:screenOrientation
		ADDED from src\main\AndroidManifest.xml:184:13-49
	android:label
		ADDED from src\main\AndroidManifest.xml:183:13-45
	android:theme
		ADDED from src\main\AndroidManifest.xml:185:13-54
	android:name
		ADDED from src\main\AndroidManifest.xml:182:13-66
activity#com.yoka.mrskin.activity.AboutLawActivity
ADDED from src\main\AndroidManifest.xml:187:9-192:20
	android:screenOrientation
		ADDED from src\main\AndroidManifest.xml:190:13-49
	android:label
		ADDED from src\main\AndroidManifest.xml:189:13-45
	android:theme
		ADDED from src\main\AndroidManifest.xml:191:13-54
	android:name
		ADDED from src\main\AndroidManifest.xml:188:13-69
activity#com.yoka.mrskin.activity.AboutDetalisActivity
ADDED from src\main\AndroidManifest.xml:193:9-198:20
	android:screenOrientation
		ADDED from src\main\AndroidManifest.xml:196:13-49
	android:label
		ADDED from src\main\AndroidManifest.xml:195:13-45
	android:theme
		ADDED from src\main\AndroidManifest.xml:197:13-54
	android:name
		ADDED from src\main\AndroidManifest.xml:194:13-73
activity#com.yoka.mrskin.activity.AddBeautifulTaskActivity
ADDED from src\main\AndroidManifest.xml:199:9-204:20
	android:screenOrientation
		ADDED from src\main\AndroidManifest.xml:202:13-49
	android:label
		ADDED from src\main\AndroidManifest.xml:201:13-45
	android:theme
		ADDED from src\main\AndroidManifest.xml:203:13-54
	android:name
		ADDED from src\main\AndroidManifest.xml:200:13-77
activity#com.yoka.mrskin.activity.TaskSettingActivity
ADDED from src\main\AndroidManifest.xml:205:9-210:20
	android:screenOrientation
		ADDED from src\main\AndroidManifest.xml:208:13-49
	android:label
		ADDED from src\main\AndroidManifest.xml:207:13-45
	android:theme
		ADDED from src\main\AndroidManifest.xml:209:13-54
	android:name
		ADDED from src\main\AndroidManifest.xml:206:13-72
activity#com.yoka.mrskin.login.LoginActivity
ADDED from src\main\AndroidManifest.xml:211:9-216:20
	android:screenOrientation
		ADDED from src\main\AndroidManifest.xml:214:13-49
	android:label
		ADDED from src\main\AndroidManifest.xml:213:13-45
	android:theme
		ADDED from src\main\AndroidManifest.xml:215:13-54
	android:name
		ADDED from src\main\AndroidManifest.xml:212:13-63
activity#com.yoka.mrskin.activity.SettingRemindActivity
ADDED from src\main\AndroidManifest.xml:217:9-222:20
	android:screenOrientation
		ADDED from src\main\AndroidManifest.xml:220:13-49
	android:label
		ADDED from src\main\AndroidManifest.xml:219:13-45
	android:theme
		ADDED from src\main\AndroidManifest.xml:221:13-54
	android:name
		ADDED from src\main\AndroidManifest.xml:218:13-74
activity#com.yoka.mrskin.activity.ChopTopicActivity
ADDED from src\main\AndroidManifest.xml:223:9-228:20
	android:screenOrientation
		ADDED from src\main\AndroidManifest.xml:226:13-49
	android:label
		ADDED from src\main\AndroidManifest.xml:225:13-45
	android:theme
		ADDED from src\main\AndroidManifest.xml:227:13-54
	android:name
		ADDED from src\main\AndroidManifest.xml:224:13-70
activity#com.yoka.mrskin.activity.TaskBriefActivity
ADDED from src\main\AndroidManifest.xml:229:9-234:20
	android:screenOrientation
		ADDED from src\main\AndroidManifest.xml:232:13-49
	android:label
		ADDED from src\main\AndroidManifest.xml:231:13-45
	android:theme
		ADDED from src\main\AndroidManifest.xml:233:13-54
	android:name
		ADDED from src\main\AndroidManifest.xml:230:13-70
activity#com.yoka.mrskin.activity.TaskFinishActivity
ADDED from src\main\AndroidManifest.xml:235:9-240:20
	android:screenOrientation
		ADDED from src\main\AndroidManifest.xml:238:13-49
	android:label
		ADDED from src\main\AndroidManifest.xml:237:13-45
	android:theme
		ADDED from src\main\AndroidManifest.xml:239:13-54
	android:name
		ADDED from src\main\AndroidManifest.xml:236:13-71
activity#com.yoka.mrskin.login.LoginenrollActivity
ADDED from src\main\AndroidManifest.xml:241:9-246:20
	android:screenOrientation
		ADDED from src\main\AndroidManifest.xml:244:13-49
	android:label
		ADDED from src\main\AndroidManifest.xml:243:13-45
	android:theme
		ADDED from src\main\AndroidManifest.xml:245:13-54
	android:name
		ADDED from src\main\AndroidManifest.xml:242:13-69
activity#com.yoka.mrskin.activity.MeFragmentSettingActivity
ADDED from src\main\AndroidManifest.xml:247:9-252:20
	android:screenOrientation
		ADDED from src\main\AndroidManifest.xml:250:13-49
	android:label
		ADDED from src\main\AndroidManifest.xml:249:13-45
	android:theme
		ADDED from src\main\AndroidManifest.xml:251:13-54
	android:name
		ADDED from src\main\AndroidManifest.xml:248:13-78
activity#com.yoka.mrskin.activity.SettingAdviceActivity
ADDED from src\main\AndroidManifest.xml:254:9-260:20
	android:screenOrientation
		ADDED from src\main\AndroidManifest.xml:257:13-49
	android:label
		ADDED from src\main\AndroidManifest.xml:256:13-45
	android:windowSoftInputMode
		ADDED from src\main\AndroidManifest.xml:259:13-77
	android:theme
		ADDED from src\main\AndroidManifest.xml:258:13-54
	android:name
		ADDED from src\main\AndroidManifest.xml:255:13-74
activity#com.yoka.mrskin.activity.MePlanActivity
ADDED from src\main\AndroidManifest.xml:261:9-266:20
	android:screenOrientation
		ADDED from src\main\AndroidManifest.xml:264:13-49
	android:label
		ADDED from src\main\AndroidManifest.xml:263:13-45
	android:theme
		ADDED from src\main\AndroidManifest.xml:265:13-54
	android:name
		ADDED from src\main\AndroidManifest.xml:262:13-67
activity#com.yoka.mrskin.activity.PlanDetailsActivity
ADDED from src\main\AndroidManifest.xml:267:9-272:20
	android:screenOrientation
		ADDED from src\main\AndroidManifest.xml:270:13-49
	android:label
		ADDED from src\main\AndroidManifest.xml:269:13-45
	android:theme
		ADDED from src\main\AndroidManifest.xml:271:13-54
	android:name
		ADDED from src\main\AndroidManifest.xml:268:13-72
activity#com.yoka.mrskin.activity.SearchRackActivity
ADDED from src\main\AndroidManifest.xml:273:9-278:20
	android:screenOrientation
		ADDED from src\main\AndroidManifest.xml:276:13-49
	android:label
		ADDED from src\main\AndroidManifest.xml:275:13-45
	android:theme
		ADDED from src\main\AndroidManifest.xml:277:13-54
	android:name
		ADDED from src\main\AndroidManifest.xml:274:13-71
activity#com.yoka.mrskin.activity.HomeFourTopic
ADDED from src\main\AndroidManifest.xml:279:9-284:20
	android:screenOrientation
		ADDED from src\main\AndroidManifest.xml:282:13-49
	android:label
		ADDED from src\main\AndroidManifest.xml:281:13-45
	android:theme
		ADDED from src\main\AndroidManifest.xml:283:13-54
	android:name
		ADDED from src\main\AndroidManifest.xml:280:13-66
activity#com.yoka.mrskin.activity.HomeTopShare
ADDED from src\main\AndroidManifest.xml:285:9-292:20
	android:screenOrientation
		ADDED from src\main\AndroidManifest.xml:290:13-49
	android:label
		ADDED from src\main\AndroidManifest.xml:289:13-45
	android:hardwareAccelerated
		ADDED from src\main\AndroidManifest.xml:288:13-47
	android:configChanges
		ADDED from src\main\AndroidManifest.xml:287:13-59
	android:theme
		ADDED from src\main\AndroidManifest.xml:291:13-54
	android:name
		ADDED from src\main\AndroidManifest.xml:286:13-65
activity#com.yoka.mrskin.activity.ProductFourActivity
ADDED from src\main\AndroidManifest.xml:293:9-298:20
	android:screenOrientation
		ADDED from src\main\AndroidManifest.xml:296:13-49
	android:label
		ADDED from src\main\AndroidManifest.xml:295:13-45
	android:theme
		ADDED from src\main\AndroidManifest.xml:297:13-54
	android:name
		ADDED from src\main\AndroidManifest.xml:294:13-72
activity#com.yoka.mrskin.activity.SearchLayoutActivity
ADDED from src\main\AndroidManifest.xml:299:9-305:20
	android:screenOrientation
		ADDED from src\main\AndroidManifest.xml:302:13-49
	android:label
		ADDED from src\main\AndroidManifest.xml:301:13-45
	android:windowSoftInputMode
		ADDED from src\main\AndroidManifest.xml:304:13-77
	android:theme
		ADDED from src\main\AndroidManifest.xml:303:13-54
	android:name
		ADDED from src\main\AndroidManifest.xml:300:13-73
activity#com.yoka.mrskin.activity.SearchAllActivity
ADDED from src\main\AndroidManifest.xml:306:9-311:20
	android:screenOrientation
		ADDED from src\main\AndroidManifest.xml:309:13-49
	android:label
		ADDED from src\main\AndroidManifest.xml:308:13-45
	android:theme
		ADDED from src\main\AndroidManifest.xml:310:13-54
	android:name
		ADDED from src\main\AndroidManifest.xml:307:13-70
activity#com.yoka.mrskin.activity.PlanFragmentActivity
ADDED from src\main\AndroidManifest.xml:312:9-317:20
	android:screenOrientation
		ADDED from src\main\AndroidManifest.xml:315:13-49
	android:label
		ADDED from src\main\AndroidManifest.xml:314:13-45
	android:theme
		ADDED from src\main\AndroidManifest.xml:316:13-54
	android:name
		ADDED from src\main\AndroidManifest.xml:313:13-73
activity#com.yoka.mrskin.activity.CourseFragmentActivity
ADDED from src\main\AndroidManifest.xml:318:9-323:20
	android:screenOrientation
		ADDED from src\main\AndroidManifest.xml:321:13-49
	android:label
		ADDED from src\main\AndroidManifest.xml:320:13-45
	android:theme
		ADDED from src\main\AndroidManifest.xml:322:13-54
	android:name
		ADDED from src\main\AndroidManifest.xml:319:13-75
activity#com.yoka.mrskin.activity.SildingMenuGrassActivity
ADDED from src\main\AndroidManifest.xml:324:9-329:20
	android:screenOrientation
		ADDED from src\main\AndroidManifest.xml:327:13-49
	android:label
		ADDED from src\main\AndroidManifest.xml:326:13-45
	android:theme
		ADDED from src\main\AndroidManifest.xml:328:13-54
	android:name
		ADDED from src\main\AndroidManifest.xml:325:13-77
activity#com.yoka.mrskin.activity.SildingMenuMyBagActivity
ADDED from src\main\AndroidManifest.xml:330:9-335:20
	android:screenOrientation
		ADDED from src\main\AndroidManifest.xml:333:13-49
	android:label
		ADDED from src\main\AndroidManifest.xml:332:13-45
	android:theme
		ADDED from src\main\AndroidManifest.xml:334:13-54
	android:name
		ADDED from src\main\AndroidManifest.xml:331:13-77
activity#com.yoka.mrskin.activity.SkinTest2Activity
ADDED from src\main\AndroidManifest.xml:336:9-341:20
	android:screenOrientation
		ADDED from src\main\AndroidManifest.xml:339:13-49
	android:label
		ADDED from src\main\AndroidManifest.xml:338:13-45
	android:theme
		ADDED from src\main\AndroidManifest.xml:340:13-54
	android:name
		ADDED from src\main\AndroidManifest.xml:337:13-70
activity#com.yoka.mrskin.activity.SkinResult2Activity
ADDED from src\main\AndroidManifest.xml:342:9-347:20
	android:screenOrientation
		ADDED from src\main\AndroidManifest.xml:345:13-49
	android:label
		ADDED from src\main\AndroidManifest.xml:344:13-45
	android:theme
		ADDED from src\main\AndroidManifest.xml:346:13-54
	android:name
		ADDED from src\main\AndroidManifest.xml:343:13-72
activity#com.yoka.mrskin.activity.WriteExperienceActivity
ADDED from src\main\AndroidManifest.xml:348:9-354:20
	android:screenOrientation
		ADDED from src\main\AndroidManifest.xml:352:13-49
	android:label
		ADDED from src\main\AndroidManifest.xml:350:13-45
	android:launchMode
		ADDED from src\main\AndroidManifest.xml:351:13-44
	android:theme
		ADDED from src\main\AndroidManifest.xml:353:13-54
	android:name
		ADDED from src\main\AndroidManifest.xml:349:13-76
activity#com.yoka.mrskin.activity.AlbumActivity
ADDED from src\main\AndroidManifest.xml:355:9-360:20
	android:screenOrientation
		ADDED from src\main\AndroidManifest.xml:358:13-49
	android:label
		ADDED from src\main\AndroidManifest.xml:357:13-45
	android:theme
		ADDED from src\main\AndroidManifest.xml:359:13-54
	android:name
		ADDED from src\main\AndroidManifest.xml:356:13-66
activity#com.yoka.mrskin.activity.ImageListActivity
ADDED from src\main\AndroidManifest.xml:361:9-366:20
	android:screenOrientation
		ADDED from src\main\AndroidManifest.xml:364:13-49
	android:label
		ADDED from src\main\AndroidManifest.xml:363:13-45
	android:theme
		ADDED from src\main\AndroidManifest.xml:365:13-54
	android:name
		ADDED from src\main\AndroidManifest.xml:362:13-70
activity#com.yoka.mrskin.activity.WriteSearchProductActivity
ADDED from src\main\AndroidManifest.xml:367:9-372:20
	android:screenOrientation
		ADDED from src\main\AndroidManifest.xml:370:13-49
	android:label
		ADDED from src\main\AndroidManifest.xml:369:13-45
	android:theme
		ADDED from src\main\AndroidManifest.xml:371:13-54
	android:name
		ADDED from src\main\AndroidManifest.xml:368:13-79
activity#com.yoka.mrskin.activity.WriteTextLayout
ADDED from src\main\AndroidManifest.xml:373:9-378:20
	android:screenOrientation
		ADDED from src\main\AndroidManifest.xml:376:13-49
	android:label
		ADDED from src\main\AndroidManifest.xml:375:13-45
	android:theme
		ADDED from src\main\AndroidManifest.xml:377:13-54
	android:name
		ADDED from src\main\AndroidManifest.xml:374:13-68
activity#com.yoka.mrskin.activity.VideoListActivity
ADDED from src\main\AndroidManifest.xml:379:9-384:20
	android:screenOrientation
		ADDED from src\main\AndroidManifest.xml:382:13-49
	android:label
		ADDED from src\main\AndroidManifest.xml:381:13-45
	android:theme
		ADDED from src\main\AndroidManifest.xml:383:13-54
	android:name
		ADDED from src\main\AndroidManifest.xml:380:13-70
activity#com.yoka.mrskin.activity.NewProductValuatingActivity
ADDED from src\main\AndroidManifest.xml:385:9-390:20
	android:screenOrientation
		ADDED from src\main\AndroidManifest.xml:388:13-49
	android:label
		ADDED from src\main\AndroidManifest.xml:387:13-45
	android:theme
		ADDED from src\main\AndroidManifest.xml:389:13-54
	android:name
		ADDED from src\main\AndroidManifest.xml:386:13-80
activity#com.yoka.mrskin.activity.ProductItemActivity
ADDED from src\main\AndroidManifest.xml:391:9-396:20
	android:screenOrientation
		ADDED from src\main\AndroidManifest.xml:394:13-49
	android:label
		ADDED from src\main\AndroidManifest.xml:393:13-45
	android:theme
		ADDED from src\main\AndroidManifest.xml:395:13-54
	android:name
		ADDED from src\main\AndroidManifest.xml:392:13-72
activity#com.yoka.mrskin.activity.ShowBigImageActivity
ADDED from src\main\AndroidManifest.xml:397:9-402:20
	android:screenOrientation
		ADDED from src\main\AndroidManifest.xml:400:13-49
	android:label
		ADDED from src\main\AndroidManifest.xml:399:13-45
	android:theme
		ADDED from src\main\AndroidManifest.xml:401:13-54
	android:name
		ADDED from src\main\AndroidManifest.xml:398:13-73
activity#com.yoka.mrskin.activity.YKWebViewActivity2
ADDED from src\main\AndroidManifest.xml:403:9-408:20
	android:screenOrientation
		ADDED from src\main\AndroidManifest.xml:406:13-49
	android:label
		ADDED from src\main\AndroidManifest.xml:405:13-45
	android:theme
		ADDED from src\main\AndroidManifest.xml:407:13-54
	android:name
		ADDED from src\main\AndroidManifest.xml:404:13-71
activity#com.yoka.mrskin.login.WelcomeActivity
ADDED from src\main\AndroidManifest.xml:409:9-414:20
	android:screenOrientation
		ADDED from src\main\AndroidManifest.xml:412:13-49
	android:label
		ADDED from src\main\AndroidManifest.xml:411:13-45
	android:theme
		ADDED from src\main\AndroidManifest.xml:413:13-54
	android:name
		ADDED from src\main\AndroidManifest.xml:410:13-65
activity#com.yoka.mrskin.activity.AeniorReplyActivity
ADDED from src\main\AndroidManifest.xml:415:9-420:20
	android:screenOrientation
		ADDED from src\main\AndroidManifest.xml:418:13-49
	android:label
		ADDED from src\main\AndroidManifest.xml:417:13-45
	android:theme
		ADDED from src\main\AndroidManifest.xml:419:13-54
	android:name
		ADDED from src\main\AndroidManifest.xml:416:13-72
activity#com.yoka.mrskin.activity.AeniorReplayActivity2
ADDED from src\main\AndroidManifest.xml:421:9-426:20
	android:screenOrientation
		ADDED from src\main\AndroidManifest.xml:424:13-49
	android:label
		ADDED from src\main\AndroidManifest.xml:423:13-45
	android:theme
		ADDED from src\main\AndroidManifest.xml:425:13-54
	android:name
		ADDED from src\main\AndroidManifest.xml:422:13-74
activity#com.yoka.mrskin.activity.GuideActivity
ADDED from src\main\AndroidManifest.xml:429:9-434:20
	android:screenOrientation
		ADDED from src\main\AndroidManifest.xml:432:13-49
	android:label
		ADDED from src\main\AndroidManifest.xml:431:13-45
	android:theme
		ADDED from src\main\AndroidManifest.xml:433:13-54
	android:name
		ADDED from src\main\AndroidManifest.xml:430:13-66
activity#com.yoka.mrskin.activity.TestCourseActivity
ADDED from src\main\AndroidManifest.xml:436:9-442:20
	android:screenOrientation